[debug] [2019-09-23T15:29:45.003Z] ----------------------------------------------------------------------
[debug] [2019-09-23T15:29:45.006Z] Command:       /usr/local/bin/node /usr/local/bin/firebase login
[debug] [2019-09-23T15:29:45.006Z] CLI Version:   7.3.2
[debug] [2019-09-23T15:29:45.006Z] Platform:      darwin
[debug] [2019-09-23T15:29:45.007Z] Node Version:  v10.16.3
[debug] [2019-09-23T15:29:45.009Z] Time:          Mon Sep 23 2019 20:59:45 GMT+0530 (India Standard Time)
[debug] [2019-09-23T15:29:45.010Z] ----------------------------------------------------------------------
[debug] 
[info] i  Firebase optionally collects CLI usage and error reporting information to help improve our products. Data is collected in accordance with Google's privacy policy (https://policies.google.com/privacy) and is not used to identify you.

[info] i  To change your data collection preference at any time, run `firebase logout` and log in again.
[info] 
[info] Visit this URL on this device to log in:
[info] https://accounts.google.com/o/oauth2/auth?client_id=563584335869-fgrhgmd47bqnekij5i8b5pr03ho849e6.apps.googleusercontent.com&scope=email%20openid%20https%3A%2F%2Fwww.googleapis.com%2Fauth%2Fcloudplatformprojects.readonly%20https%3A%2F%2Fwww.googleapis.com%2Fauth%2Ffirebase%20https%3A%2F%2Fwww.googleapis.com%2Fauth%2Fcloud-platform&response_type=code&state=399591927&redirect_uri=http%3A%2F%2Flocalhost%3A9005
[info] 
[info] Waiting for authentication...
[debug] [2019-09-23T18:29:01.601Z] ----------------------------------------------------------------------
[debug] [2019-09-23T18:29:01.603Z] Command:       /usr/local/bin/node /usr/local/bin/firebase login
[debug] [2019-09-23T18:29:01.604Z] CLI Version:   7.3.2
[debug] [2019-09-23T18:29:01.604Z] Platform:      darwin
[debug] [2019-09-23T18:29:01.604Z] Node Version:  v10.16.3
[debug] [2019-09-23T18:29:01.613Z] Time:          Mon Sep 23 2019 23:59:01 GMT+0530 (India Standard Time)
[debug] [2019-09-23T18:29:01.614Z] ----------------------------------------------------------------------
[debug] 
[info] i  Firebase optionally collects CLI usage and error reporting information to help improve our products. Data is collected in accordance with Google's privacy policy (https://policies.google.com/privacy) and is not used to identify you.

[info] i  To change your data collection preference at any time, run `firebase logout` and log in again.
[info] 
[info] Visit this URL on this device to log in:
[info] https://accounts.google.com/o/oauth2/auth?client_id=563584335869-fgrhgmd47bqnekij5i8b5pr03ho849e6.apps.googleusercontent.com&scope=email%20openid%20https%3A%2F%2Fwww.googleapis.com%2Fauth%2Fcloudplatformprojects.readonly%20https%3A%2F%2Fwww.googleapis.com%2Fauth%2Ffirebase%20https%3A%2F%2Fwww.googleapis.com%2Fauth%2Fcloud-platform&response_type=code&state=714018872&redirect_uri=http%3A%2F%2Flocalhost%3A9005
[info] 
[info] Waiting for authentication...
[debug] [2019-09-23T18:29:41.469Z] ----------------------------------------------------------------------
[debug] [2019-09-23T18:29:41.471Z] Command:       /usr/local/bin/node /usr/local/bin/firebase login
[debug] [2019-09-23T18:29:41.471Z] CLI Version:   7.3.2
[debug] [2019-09-23T18:29:41.471Z] Platform:      darwin
[debug] [2019-09-23T18:29:41.471Z] Node Version:  v10.16.3
[debug] [2019-09-23T18:29:41.472Z] Time:          Mon Sep 23 2019 23:59:41 GMT+0530 (India Standard Time)
[debug] [2019-09-23T18:29:41.472Z] ----------------------------------------------------------------------
[debug] 
[info] i  Firebase optionally collects CLI usage and error reporting information to help improve our products. Data is collected in accordance with Google's privacy policy (https://policies.google.com/privacy) and is not used to identify you.

[info] i  To change your data collection preference at any time, run `firebase logout` and log in again.
[info] 
[info] Visit this URL on this device to log in:
[info] https://accounts.google.com/o/oauth2/auth?client_id=563584335869-fgrhgmd47bqnekij5i8b5pr03ho849e6.apps.googleusercontent.com&scope=email%20openid%20https%3A%2F%2Fwww.googleapis.com%2Fauth%2Fcloudplatformprojects.readonly%20https%3A%2F%2Fwww.googleapis.com%2Fauth%2Ffirebase%20https%3A%2F%2Fwww.googleapis.com%2Fauth%2Fcloud-platform&response_type=code&state=542124758&redirect_uri=http%3A%2F%2Flocalhost%3A9005
[info] 
[info] Waiting for authentication...
